This is pdfTeX, Version 3.14159265-2.6-1.40.20 (TeX Live 2019 Gentoo Linux) (preloaded format=pdflatex 2020.1.23)  15 FEB 2020 21:47
entering extended mode
 restricted \write18 enabled.
 %&-line parsing enabled.
**thesis.tex
(./thesis.tex
LaTeX2e <2018-12-01>
(/usr/share/texmf-dist/tex/latex/base/report.cls
Document Class: report 2018/09/03 v1.4i Standard LaTeX document class
(/usr/share/texmf-dist/tex/latex/base/size11.clo
File: size11.clo 2018/09/03 v1.4i Standard LaTeX file (size option)
)
\c@part=\count80
\c@chapter=\count81
\c@section=\count82
\c@subsection=\count83
\c@subsubsection=\count84
\c@paragraph=\count85
\c@subparagraph=\count86
\c@figure=\count87
\c@table=\count88
\abovecaptionskip=\skip41
\belowcaptionskip=\skip42
\bibindent=\dimen102
)
(/usr/share/texmf-dist/tex/latex/geometry/geometry.sty
Package: geometry 2018/04/16 v5.8 Page Geometry

(/usr/share/texmf-dist/tex/latex/graphics/keyval.sty
Package: keyval 2014/10/28 v1.15 key=value parser (DPC)
\KV@toks@=\toks14
)
(/usr/share/texmf-dist/tex/generic/oberdiek/ifpdf.sty
Package: ifpdf 2018/09/07 v3.3 Provides the ifpdf switch
)
(/usr/share/texmf-dist/tex/generic/oberdiek/ifvtex.sty
Package: ifvtex 2016/05/16 v1.6 Detect VTeX and its facilities (HO)
Package ifvtex Info: VTeX not detected.
)
(/usr/share/texmf-dist/tex/generic/ifxetex/ifxetex.sty
Package: ifxetex 2010/09/12 v0.6 Provides ifxetex conditional
)
\Gm@cnth=\count89
\Gm@cntv=\count90
\c@Gm@tempcnt=\count91
\Gm@bindingoffset=\dimen103
\Gm@wd@mp=\dimen104
\Gm@odd@mp=\dimen105
\Gm@even@mp=\dimen106
\Gm@layoutwidth=\dimen107
\Gm@layoutheight=\dimen108
\Gm@layouthoffset=\dimen109
\Gm@layoutvoffset=\dimen110
\Gm@dimlist=\toks15
)
(/usr/share/texmf-dist/tex/latex/amsmath/amsmath.sty
Package: amsmath 2018/12/01 v2.17b AMS math features
\@mathmargin=\skip43

For additional information on amsmath, use the `?' option.
(/usr/share/texmf-dist/tex/latex/amsmath/amstext.sty
Package: amstext 2000/06/29 v2.01 AMS text

(/usr/share/texmf-dist/tex/latex/amsmath/amsgen.sty
File: amsgen.sty 1999/11/30 v2.0 generic functions
\@emptytoks=\toks16
\ex@=\dimen111
))
(/usr/share/texmf-dist/tex/latex/amsmath/amsbsy.sty
Package: amsbsy 1999/11/29 v1.2d Bold Symbols
\pmbraise@=\dimen112
)
(/usr/share/texmf-dist/tex/latex/amsmath/amsopn.sty
Package: amsopn 2016/03/08 v2.02 operator names
)
\inf@bad=\count92
LaTeX Info: Redefining \frac on input line 223.
\uproot@=\count93
\leftroot@=\count94
LaTeX Info: Redefining \overline on input line 385.
\classnum@=\count95
\DOTSCASE@=\count96
LaTeX Info: Redefining \ldots on input line 482.
LaTeX Info: Redefining \dots on input line 485.
LaTeX Info: Redefining \cdots on input line 606.
\Mathstrutbox@=\box27
\strutbox@=\box28
\big@size=\dimen113
LaTeX Font Info:    Redeclaring font encoding OML on input line 729.
LaTeX Font Info:    Redeclaring font encoding OMS on input line 730.
\macc@depth=\count97
\c@MaxMatrixCols=\count98
\dotsspace@=\muskip10
\c@parentequation=\count99
\dspbrk@lvl=\count100
\tag@help=\toks17
\row@=\count101
\column@=\count102
\maxfields@=\count103
\andhelp@=\toks18
\eqnshift@=\dimen114
\alignsep@=\dimen115
\tagshift@=\dimen116
\tagwidth@=\dimen117
\totwidth@=\dimen118
\lineht@=\dimen119
\@envbody=\toks19
\multlinegap=\skip44
\multlinetaggap=\skip45
\mathdisplay@stack=\toks20
LaTeX Info: Redefining \[ on input line 2844.
LaTeX Info: Redefining \] on input line 2845.
)
(/usr/share/texmf-dist/tex/latex/amsfonts/amsfonts.sty
Package: amsfonts 2013/01/14 v3.01 Basic AMSFonts support
\symAMSa=\mathgroup4
\symAMSb=\mathgroup5
LaTeX Font Info:    Overwriting math alphabet `\mathfrak' in version `bold'
(Font)                  U/euf/m/n --> U/euf/b/n on input line 106.
)
(/usr/share/texmf-dist/tex/latex/amscls/amsthm.sty
Package: amsthm 2017/10/31 v2.20.4
\thm@style=\toks21
\thm@bodyfont=\toks22
\thm@headfont=\toks23
\thm@notefont=\toks24
\thm@headpunct=\toks25
\thm@preskip=\skip46
\thm@postskip=\skip47
\thm@headsep=\skip48
\dth@everypar=\toks26
)
(/usr/share/texmf-dist/tex/latex/amsfonts/amssymb.sty
Package: amssymb 2013/01/14 v3.01 AMS font symbols
)
(/usr/share/texmf-dist/tex/latex/fancyhdr/fancyhdr.sty
Package: fancyhdr 2019/01/31 v3.10 Extensive control of page headers and footer
s
\f@nch@headwidth=\skip49
\f@nch@O@elh=\skip50
\f@nch@O@erh=\skip51
\f@nch@O@olh=\skip52
\f@nch@O@orh=\skip53
\f@nch@O@elf=\skip54
\f@nch@O@erf=\skip55
\f@nch@O@olf=\skip56
\f@nch@O@orf=\skip57
)
(/usr/share/texmf-dist/tex/latex/graphics/color.sty
Package: color 2016/07/10 v1.1e Standard LaTeX Color (DPC)

(/usr/share/texmf-dist/tex/latex/graphics-cfg/color.cfg
File: color.cfg 2016/01/02 v1.6 sample color configuration
)
Package color Info: Driver file: pdftex.def on input line 147.

(/usr/share/texmf-dist/tex/latex/graphics-def/pdftex.def
File: pdftex.def 2018/01/08 v1.0l Graphics/color driver for pdftex
))
(/usr/share/texmf-dist/tex/latex/graphics/graphicx.sty
Package: graphicx 2017/06/01 v1.1a Enhanced LaTeX Graphics (DPC,SPQR)

(/usr/share/texmf-dist/tex/latex/graphics/graphics.sty
Package: graphics 2017/06/25 v1.2c Standard LaTeX Graphics (DPC,SPQR)

(/usr/share/texmf-dist/tex/latex/graphics/trig.sty
Package: trig 2016/01/03 v1.10 sin cos tan (DPC)
)
(/usr/share/texmf-dist/tex/latex/graphics-cfg/graphics.cfg
File: graphics.cfg 2016/06/04 v1.11 sample graphics configuration
)
Package graphics Info: Driver file: pdftex.def on input line 99.
)
\Gin@req@height=\dimen120
\Gin@req@width=\dimen121
)
(/usr/share/texmf-dist/tex/latex/caption/subcaption.sty
Package: subcaption 2018/05/01 v1.1-162 Sub-captions (AR)

(/usr/share/texmf-dist/tex/latex/caption/caption.sty
Package: caption 2018/10/06 v3.3-154 Customizing captions (AR)

(/usr/share/texmf-dist/tex/latex/caption/caption3.sty
Package: caption3 2018/09/12 v1.8c caption3 kernel (AR)
Package caption3 Info: TeX engine: e-TeX on input line 64.
\captionmargin=\dimen122
\captionmargin@=\dimen123
\captionwidth=\dimen124
\caption@tempdima=\dimen125
\caption@indent=\dimen126
\caption@parindent=\dimen127
\caption@hangindent=\dimen128
)
\c@caption@flags=\count104
\c@ContinuedFloat=\count105
)
\c@subfigure=\count106
\c@subtable=\count107
)
(/usr/share/texmf-dist/tex/latex/tools/enumerate.sty
Package: enumerate 2015/07/23 v3.00 enumerate extensions (DPC)
\@enLab=\toks27
)
(/usr/share/texmf-dist/tex/latex/setspace/setspace.sty
Package: setspace 2011/12/19 v6.7a set line spacing
)
(/usr/share/texmf-dist/tex/latex/listings/listings.sty
\lst@mode=\count108
\lst@gtempboxa=\box29
\lst@token=\toks28
\lst@length=\count109
\lst@currlwidth=\dimen129
\lst@column=\count110
\lst@pos=\count111
\lst@lostspace=\dimen130
\lst@width=\dimen131
\lst@newlines=\count112
\lst@lineno=\count113
\lst@maxwidth=\dimen132

(/usr/share/texmf-dist/tex/latex/listings/lstmisc.sty
File: lstmisc.sty 2019/02/27 1.8b (Carsten Heinz)
\c@lstnumber=\count114
\lst@skipnumbers=\count115
\lst@framebox=\box30
)
(/usr/share/texmf-dist/tex/latex/listings/listings.cfg
File: listings.cfg 2019/02/27 1.8b listings configuration
))
Package: listings 2019/02/27 1.8b (Carsten Heinz)

(/usr/share/texmf-dist/tex/latex/xcolor/xcolor.sty
Package: xcolor 2016/05/11 v2.12 LaTeX color extensions (UK)

(/usr/share/texmf-dist/tex/latex/graphics-cfg/color.cfg
File: color.cfg 2016/01/02 v1.6 sample color configuration
)
Package xcolor Info: Driver file: pdftex.def on input line 225.
LaTeX Info: Redefining \color on input line 709.
Package xcolor Info: Model `cmy' substituted by `cmy0' on input line 1348.
Package xcolor Info: Model `hsb' substituted by `rgb' on input line 1352.
Package xcolor Info: Model `RGB' extended on input line 1364.
Package xcolor Info: Model `HTML' substituted by `rgb' on input line 1366.
Package xcolor Info: Model `Hsb' substituted by `hsb' on input line 1367.
Package xcolor Info: Model `tHsb' substituted by `hsb' on input line 1368.
Package xcolor Info: Model `HSB' substituted by `hsb' on input line 1369.
Package xcolor Info: Model `Gray' substituted by `gray' on input line 1370.
Package xcolor Info: Model `wave' substituted by `hsb' on input line 1371.
)
(/usr/share/texmf-dist/tex/latex/psnfss/courier.sty
Package: courier 2005/04/12 PSNFSS-v9.2a (WaS) 
)
(/usr/share/texmf-dist/tex/latex/booktabs/booktabs.sty
Package: booktabs 2016/04/27 v1.618033 publication quality tables
\heavyrulewidth=\dimen133
\lightrulewidth=\dimen134
\cmidrulewidth=\dimen135
\belowrulesep=\dimen136
\belowbottomsep=\dimen137
\aboverulesep=\dimen138
\abovetopsep=\dimen139
\cmidrulesep=\dimen140
\cmidrulekern=\dimen141
\defaultaddspace=\dimen142
\@cmidla=\count116
\@cmidlb=\count117
\@aboverulesep=\dimen143
\@belowrulesep=\dimen144
\@thisruleclass=\count118
\@lastruleclass=\count119
\@thisrulewidth=\dimen145
)
(/usr/share/texmf-dist/tex/latex/algorithms/algorithm.sty
Package: algorithm 2009/08/24 v0.1 Document Style `algorithm' - floating enviro
nment

(/usr/share/texmf-dist/tex/latex/float/float.sty
Package: float 2001/11/08 v1.3d Float enhancements (AL)
\c@float@type=\count120
\float@exts=\toks29
\float@box=\box31
\@float@everytoks=\toks30
\@floatcapt=\box32
)
(/usr/share/texmf-dist/tex/latex/base/ifthen.sty
Package: ifthen 2014/09/29 v1.1c Standard LaTeX ifthen package (DPC)
)
\@float@every@algorithm=\toks31
\c@algorithm=\count121
)
(/usr/share/texmf-dist/tex/latex/algorithmicx/algpseudocode.sty
Package: algpseudocode 

(/usr/share/texmf-dist/tex/latex/algorithmicx/algorithmicx.sty
Package: algorithmicx 2005/04/27 v1.2 Algorithmicx

Document Style algorithmicx 1.2 - a greatly improved `algorithmic' style
\c@ALG@line=\count122
\c@ALG@rem=\count123
\c@ALG@nested=\count124
\ALG@tlm=\skip58
\ALG@thistlm=\skip59
\c@ALG@Lnr=\count125
\c@ALG@blocknr=\count126
\c@ALG@storecount=\count127
\c@ALG@tmpcounter=\count128
\ALG@tmplength=\skip60
)
Document Style - pseudocode environments for use with the `algorithmicx' style
) (../build/thesis.aux)
\openout1 = `thesis.aux'.

LaTeX Font Info:    Checking defaults for OML/cmm/m/it on input line 49.
LaTeX Font Info:    ... okay on input line 49.
LaTeX Font Info:    Checking defaults for T1/cmr/m/n on input line 49.
LaTeX Font Info:    ... okay on input line 49.
LaTeX Font Info:    Checking defaults for OT1/cmr/m/n on input line 49.
LaTeX Font Info:    ... okay on input line 49.
LaTeX Font Info:    Checking defaults for OMS/cmsy/m/n on input line 49.
LaTeX Font Info:    ... okay on input line 49.
LaTeX Font Info:    Checking defaults for OMX/cmex/m/n on input line 49.
LaTeX Font Info:    ... okay on input line 49.
LaTeX Font Info:    Checking defaults for U/cmr/m/n on input line 49.
LaTeX Font Info:    ... okay on input line 49.

*geometry* driver: auto-detecting
*geometry* detected driver: pdftex
*geometry* verbose mode - [ preamble ] result:
* driver: pdftex
* paper: a4paper
* layout: <same size as paper>
* layoutoffset:(h,v)=(0.0pt,0.0pt)
* modes: 
* h-part:(L,W,R)=(81.94394pt, 433.62pt, 81.94394pt)
* v-part:(T,H,B)=(77.84674pt, 650.43pt, 116.77011pt)
* \paperwidth=597.50787pt
* \paperheight=845.04684pt
* \textwidth=433.62pt
* \textheight=650.43pt
* \oddsidemargin=9.67395pt
* \evensidemargin=9.67395pt
* \topmargin=-31.42325pt
* \headheight=12.0pt
* \headsep=25.0pt
* \topskip=11.0pt
* \footskip=30.0pt
* \marginparwidth=59.0pt
* \marginparsep=10.0pt
* \columnsep=10.0pt
* \skip\footins=22.0pt plus 4.0pt minus 2.0pt
* \hoffset=0.0pt
* \voffset=0.0pt
* \mag=1000
* \@twocolumnfalse
* \@twosidefalse
* \@mparswitchfalse
* \@reversemarginfalse
* (1in=72.27pt=25.4mm, 1cm=28.453pt)

(/usr/share/texmf-dist/tex/context/base/mkii/supp-pdf.mkii
[Loading MPS to PDF converter (version 2006.09.02).]
\scratchcounter=\count129
\scratchdimen=\dimen146
\scratchbox=\box33
\nofMPsegments=\count130
\nofMParguments=\count131
\everyMPshowfont=\toks32
\MPscratchCnt=\count132
\MPscratchDim=\dimen147
\MPnumerator=\count133
\makeMPintoPDFobject=\count134
\everyMPtoPDFconversion=\toks33
) (/usr/share/texmf-dist/tex/latex/oberdiek/epstopdf-base.sty
Package: epstopdf-base 2016/05/15 v2.6 Base part for package epstopdf

(/usr/share/texmf-dist/tex/generic/oberdiek/infwarerr.sty
Package: infwarerr 2016/05/16 v1.4 Providing info/warning/error messages (HO)
)
(/usr/share/texmf-dist/tex/latex/oberdiek/grfext.sty
Package: grfext 2016/05/16 v1.2 Manage graphics extensions (HO)

(/usr/share/texmf-dist/tex/generic/oberdiek/kvdefinekeys.sty
Package: kvdefinekeys 2016/05/16 v1.4 Define keys (HO)

(/usr/share/texmf-dist/tex/generic/oberdiek/ltxcmds.sty
Package: ltxcmds 2016/05/16 v1.23 LaTeX kernel commands for general use (HO)
)))
(/usr/share/texmf-dist/tex/latex/oberdiek/kvoptions.sty
Package: kvoptions 2016/05/16 v3.12 Key value format for package options (HO)

(/usr/share/texmf-dist/tex/generic/oberdiek/kvsetkeys.sty
Package: kvsetkeys 2016/05/16 v1.17 Key value parser (HO)

(/usr/share/texmf-dist/tex/generic/oberdiek/etexcmds.sty
Package: etexcmds 2016/05/16 v1.6 Avoid name clashes with e-TeX commands (HO)

(/usr/share/texmf-dist/tex/generic/oberdiek/ifluatex.sty
Package: ifluatex 2016/05/16 v1.4 Provides the ifluatex switch (HO)
Package ifluatex Info: LuaTeX not detected.
))))
(/usr/share/texmf-dist/tex/generic/oberdiek/pdftexcmds.sty
Package: pdftexcmds 2018/09/10 v0.29 Utility functions of pdfTeX for LuaTeX (HO
)
Package pdftexcmds Info: LuaTeX not detected.
Package pdftexcmds Info: \pdf@primitive is available.
Package pdftexcmds Info: \pdf@ifprimitive is available.
Package pdftexcmds Info: \pdfdraftmode found.
)
Package epstopdf-base Info: Redefining graphics rule for `.eps' on input line 4
38.
Package grfext Info: Graphics extension search list:
(grfext)             [.pdf,.png,.jpg,.mps,.jpeg,.jbig2,.jb2,.PDF,.PNG,.JPG,.JPE
G,.JBIG2,.JB2,.eps]
(grfext)             \AppendGraphicsExtensions on input line 456.

(/usr/share/texmf-dist/tex/latex/latexconfig/epstopdf-sys.cfg
File: epstopdf-sys.cfg 2010/07/13 v1.3 Configuration of (r)epstopdf for TeX Liv
e
))
Package caption Info: Begin \AtBeginDocument code.
Package caption Info: float package is loaded.
Package caption Info: listings package is loaded.
Package caption Info: End \AtBeginDocument code.
\c@lstlisting=\count135
 (./cover.tex
Overfull \hbox (21.62408pt too wide) in paragraph at lines 8--10
 [] 
 []


Overfull \hbox (21.62408pt too wide) in paragraph at lines 11--14
 [] 
 []

<figures/utaipei.png, id=1, 296.10625pt x 339.2675pt>
File: figures/utaipei.png Graphic file (type png)
<use figures/utaipei.png>
Package pdftex.def Info: figures/utaipei.png  used on input line 21.
(pdftex.def)             Requested size: 130.08731pt x 149.05037pt.
[1

{/var/lib/texmf/fonts/map/pdftex/updmap/pdftex.map} <./figures/utaipei.png>]) (
../build/thesis.toc
LaTeX Font Info:    Try loading font information for U+msa on input line 2.
 (/usr/share/texmf-dist/tex/latex/amsfonts/umsa.fd
File: umsa.fd 2013/01/14 v3.01 AMS symbols A
)
LaTeX Font Info:    Try loading font information for U+msb on input line 2.

(/usr/share/texmf-dist/tex/latex/amsfonts/umsb.fd
File: umsb.fd 2013/01/14 v3.01 AMS symbols B
) [1

])
\tf@toc=\write3
\openout3 = `thesis.toc'.

 [2]
(./chapters/abstract.tex [1]) (./chapters/introduction/introduction.tex
Chapter 1.
[2

] (./chapters/introduction/introduction-to-facial-recognition-technology.tex
[3] [4]) (./chapters/introduction/challenges-of-automated-roll-calls.tex
[5]) (./chapters/introduction/thesis-organization.tex))
(./chapters/related-works/related-works.tex [6]
Chapter 2.
(./chapters/related-works/facial-recognition-technology.tex)
(./chapters/related-works/barcode-scanning.tex)
(./chapters/related-works/rfid-chip-scanning.tex [7

])
(./chapters/related-works/gps-location-tracking.tex))
(./chapters/roll-call-system-using-facial-recognition-technology/roll-call-syst
em-using-facial-recognition-technology.tex [8] [9]
Chapter 3.

(./chapters/roll-call-system-using-facial-recognition-technology/system-overvie
w.tex [10

]
Package epstopdf Info: Source file: <figures/preview1.eps>
(epstopdf)                    date: 2019-01-14 21:28:21
(epstopdf)                    size: 2054569 bytes
(epstopdf)             Output file: <figures/preview1-eps-converted-to.pdf>
(epstopdf)                    date: 2020-01-26 15:11:02
(epstopdf)                    size: 77495 bytes
(epstopdf)             Command: <repstopdf --outfile=figures/preview1-eps-conve
rted-to.pdf figures/preview1.eps>
(epstopdf)             \includegraphics on input line 26.
Package epstopdf Info: Output file is already uptodate.
<figures/preview1-eps-converted-to.pdf, id=55, 429.605pt x 327.2225pt>
File: figures/preview1-eps-converted-to.pdf Graphic file (type pdf)
<use figures/preview1-eps-converted-to.pdf>
Package pdftex.def Info: figures/preview1-eps-converted-to.pdf  used on input l
ine 26.
(pdftex.def)             Requested size: 212.47617pt x 161.83832pt.
Package epstopdf Info: Source file: <figures/preview2.eps>
(epstopdf)                    date: 2019-01-14 21:28:29
(epstopdf)                    size: 2032291 bytes
(epstopdf)             Output file: <figures/preview2-eps-converted-to.pdf>
(epstopdf)                    date: 2020-01-26 15:11:03
(epstopdf)                    size: 62723 bytes
(epstopdf)             Command: <repstopdf --outfile=figures/preview2-eps-conve
rted-to.pdf figures/preview2.eps>
(epstopdf)             \includegraphics on input line 30.
Package epstopdf Info: Output file is already uptodate.
<figures/preview2-eps-converted-to.pdf, id=56, 427.5975pt x 324.21124pt>
File: figures/preview2-eps-converted-to.pdf Graphic file (type pdf)
<use figures/preview2-eps-converted-to.pdf>
Package pdftex.def Info: figures/preview2-eps-converted-to.pdf  used on input l
ine 30.
(pdftex.def)             Requested size: 212.47617pt x 161.10097pt.
 [11 <./figures/preview1-eps-converted-to.pdf> <./figures/preview2-eps-converte
d-to.pdf>]
LaTeX Font Info:    Try loading font information for OT1+pcr on input line 65.
 (/usr/share/texmf-dist/tex/latex/psnfss/ot1pcr.fd
File: ot1pcr.fd 2001/06/04 font definitions for OT1/pcr.
)
[12

])
(./chapters/roll-call-system-using-facial-recognition-technology/pyrollcall-lib
raries.tex)
(./chapters/roll-call-system-using-facial-recognition-technology/the-design-of-
pyrollcall.tex [13

]
LaTeX Font Info:    Try loading font information for OMS+cmr on input line 15.
 (/usr/share/texmf-dist/tex/latex/base/omscmr.fd
File: omscmr.fd 2014/09/29 v2.5h Standard LaTeX font definitions
)
LaTeX Font Info:    Font shape `OMS/cmr/m/n' in size <12> not available
(Font)              Font shape `OMS/cmsy/m/n' tried instead on input line 15.
<figures/use-case-diagram.png, id=73, 688.5725pt x 315.1775pt>
File: figures/use-case-diagram.png Graphic file (type png)
<use figures/use-case-diagram.png>
Package pdftex.def Info: figures/use-case-diagram.png  used on input line 25.
(pdftex.def)             Requested size: 433.62pt x 198.48111pt.
<figures/system-architecture.png, id=74, 588.1975pt x 401.5pt>
File: figures/system-architecture.png Graphic file (type png)
<use figures/system-architecture.png>
Package pdftex.def Info: figures/system-architecture.png  used on input line 32
.
(pdftex.def)             Requested size: 433.62pt x 295.99034pt.
 [14 <./figures/use-case-diagram.png>] [15 <./figures/system-architecture.png>]
 [16]
[17])) (./chapters/experiments-and-results/experiments-and-results.tex [18]
Chapter 4.
(./chapters/experiments-and-results/experimental-settings.tex [19

]
<figures/training-set.png, id=100, 814.04124pt x 462.72874pt>
File: figures/training-set.png Graphic file (type png)
<use figures/training-set.png>
Package pdftex.def Info: figures/training-set.png  used on input line 22.
(pdftex.def)             Requested size: 433.62pt x 246.48068pt.
<figures/testing-set.png, id=101, 1027.6794pt x 1032.0156pt>
File: figures/testing-set.png Graphic file (type png)
<use figures/testing-set.png>
Package pdftex.def Info: figures/testing-set.png  used on input line 31.
(pdftex.def)             Requested size: 208.13574pt x 209.0135pt.
<figures/testing-set-result.png, id=102, 528.47438pt x 530.41017pt>
File: figures/testing-set-result.png Graphic file (type png)
<use figures/testing-set-result.png>
Package pdftex.def Info: figures/testing-set-result.png  used on input line 36.

(pdftex.def)             Requested size: 208.13574pt x 208.89867pt.
)
(./chapters/experiments-and-results/experimental-results.tex [20 <./figures/tra
ining-set.png> <./figures/testing-set.png> <./figures/testing-set-result.png>]
[21]
<figures/exp-result-chart.png, id=113, 442.65375pt x 296.10625pt>
File: figures/exp-result-chart.png Graphic file (type png)
<use figures/exp-result-chart.png>
Package pdftex.def Info: figures/exp-result-chart.png  used on input line 48.
(pdftex.def)             Requested size: 346.89731pt x 232.06438pt.
<figures/star-chow-training-set.png, id=114, 787.94376pt x 628.3475pt>
File: figures/star-chow-training-set.png Graphic file (type png)
<use figures/star-chow-training-set.png>
Package pdftex.def Info: figures/star-chow-training-set.png  used on input line
 68.
(pdftex.def)             Requested size: 281.85034pt x 224.75717pt.
<figures/star-chow-success.png, id=115, 169.63374pt x 208.78pt>
File: figures/star-chow-success.png Graphic file (type png)
<use figures/star-chow-success.png>
Package pdftex.def Info: figures/star-chow-success.png  used on input line 73.
(pdftex.def)             Requested size: 130.08731pt x 160.11436pt.
 [22 <./figures/exp-result-chart.png>]
<figures/false-recog-correct1.png, id=121, 166.6225pt x 210.7875pt>
File: figures/false-recog-correct1.png Graphic file (type png)
<use figures/false-recog-correct1.png>
Package pdftex.def Info: figures/false-recog-correct1.png  used on input line 9
4.
(pdftex.def)             Requested size: 130.08731pt x 164.58084pt.
<figures/false-recog-error1.png, id=122, 235.88126pt x 297.11pt>
File: figures/false-recog-error1.png Graphic file (type png)
<use figures/false-recog-error1.png>
Package pdftex.def Info: figures/false-recog-error1.png  used on input line 98.

(pdftex.def)             Requested size: 130.08731pt x 163.85529pt.
 [23 <./figures/star-chow-training-set.png> <./figures/star-chow-success.png> <
./figures/false-recog-correct1.png> <./figures/false-recog-error1.png>]
<figures/false-recog-correct2.png, id=126, 166.6225pt x 208.78pt>
File: figures/false-recog-correct2.png Graphic file (type png)
<use figures/false-recog-correct2.png>
Package pdftex.def Info: figures/false-recog-correct2.png  used on input line 1
14.
(pdftex.def)             Requested size: 130.08731pt x 163.01338pt.
<figures/false-recog-error2.png, id=127, 173.64874pt x 219.82124pt>
File: figures/false-recog-error2.png Graphic file (type png)
<use figures/false-recog-error2.png>
Package pdftex.def Info: figures/false-recog-error2.png  used on input line 118
.
(pdftex.def)             Requested size: 130.08731pt x 164.68103pt.
 [24 <./figures/false-recog-correct2.png> <./figures/false-recog-error2.png>]))

(./chapters/conclusion-and-future-work/conclusion-and-future-work.tex [25]
Chapter 5.
(./chapters/conclusion-and-future-work/conclusion.tex)
(./chapters/conclusion-and-future-work/future-work.tex [26

]))
(./chapters/bibliography.tex [27]
Overfull \hbox (7.73242pt too wide) in paragraph at lines 40--43
\OT1/pcr/m/n/12 https://www.pyimagesearch.com/2018/06/18/face-recognition-
 []

[28

]) [29] (../build/thesis.aux) ) 
Here is how much of TeX's memory you used:
 7247 strings out of 494553
 104388 string characters out of 6177841
 222640 words of memory out of 5000000
 10698 multiletter control sequences out of 15000+600000
 16479 words of font info for 62 fonts, out of 8000000 for 9000
 14 hyphenation exceptions out of 8191
 42i,9n,43p,418b,1060s stack positions out of 5000i,500n,10000p,200000b,80000s
{/usr/share/texmf-dist/fonts/enc/dvips/base/8r.e
nc}</usr/share/texmf-dist/fonts/type1/public/amsfonts/cm/cmbx10.pfb></usr/share
/texmf-dist/fonts/type1/public/amsfonts/cm/cmbx12.pfb></usr/share/texmf-dist/fo
nts/type1/public/amsfonts/cm/cmcsc10.pfb></usr/share/texmf-dist/fonts/type1/pub
lic/amsfonts/cm/cmmi10.pfb></usr/share/texmf-dist/fonts/type1/public/amsfonts/c
m/cmmi12.pfb></usr/share/texmf-dist/fonts/type1/public/amsfonts/cm/cmmi8.pfb></
usr/share/texmf-dist/fonts/type1/public/amsfonts/cm/cmr10.pfb></usr/share/texmf
-dist/fonts/type1/public/amsfonts/cm/cmr12.pfb></usr/share/texmf-dist/fonts/typ
e1/public/amsfonts/cm/cmr6.pfb></usr/share/texmf-dist/fonts/type1/public/amsfon
ts/cm/cmr8.pfb></usr/share/texmf-dist/fonts/type1/public/amsfonts/cm/cmr9.pfb><
/usr/share/texmf-dist/fonts/type1/public/amsfonts/cm/cmsy10.pfb></usr/share/tex
mf-dist/fonts/type1/public/amsfonts/cm/cmti10.pfb></usr/share/texmf-dist/fonts/
type1/public/amsfonts/cm/cmti12.pfb></usr/share/texmf-dist/fonts/type1/urw/cour
ier/ucrr8a.pfb>
Output written on ../build/thesis.pdf (32 pages, 7650558 bytes).
PDF statistics:
 197 PDF objects out of 1000 (max. 8388607)
 123 compressed objects within 2 object streams
 0 named destinations out of 1000 (max. 500000)
 76 words of extra memory for PDF output out of 10000 (max. 10000000)

